2020-03-12 00:55:45 INFO  HulkStoreIni:35 - Initializing HulkStore...
  2020-03-12 00:55:46 INFO  HulkStoreIni:38 - LookAndFeel loaded = 'com.jtattoo.plaf.noire.NoireLookAndFeel'
  2020-03-12 00:55:46 INFO  ResourceManager:121 - Establishing connection...
  2020-03-12 00:55:46 DEBUG ResourceManager:36 - Getting connection data...
  2020-03-12 00:55:46 DEBUG ResourceManager:49 - Connection data loaded
  2020-03-12 00:55:46 DEBUG ResourceManager:152 - Initializing Driver...
  2020-03-12 00:55:46 DEBUG ResourceManager:157 - Driver loaded = com.mysql.cj.jdbc.Driver
  2020-03-12 00:55:54 FATAL ResourceManager:136 - Connection failed = com.mysql.cj.jdbc.exceptions.CommunicationsException: Communications link failure

The last packet sent successfully to the server was 0 milliseconds ago. The driver has not received any packets from the server.
  2020-03-12 00:57:05 INFO  HulkStoreIni:35 - Initializing HulkStore...
  2020-03-12 00:57:06 INFO  HulkStoreIni:38 - LookAndFeel loaded = 'com.jtattoo.plaf.noire.NoireLookAndFeel'
  2020-03-12 00:57:06 INFO  ResourceManager:121 - Establishing connection...
  2020-03-12 00:57:06 DEBUG ResourceManager:36 - Getting connection data...
  2020-03-12 00:57:06 DEBUG ResourceManager:49 - Connection data loaded
  2020-03-12 00:57:06 DEBUG ResourceManager:152 - Initializing Driver...
  2020-03-12 00:57:06 DEBUG ResourceManager:157 - Driver loaded = com.mysql.cj.jdbc.Driver
  2020-03-12 00:57:14 FATAL ResourceManager:136 - Connection failed = com.mysql.cj.jdbc.exceptions.CommunicationsException: Communications link failure

The last packet sent successfully to the server was 0 milliseconds ago. The driver has not received any packets from the server.
  2020-03-12 01:04:02 INFO  HulkStoreIni:35 - Initializing HulkStore...
  2020-03-12 01:04:03 INFO  HulkStoreIni:38 - LookAndFeel loaded = 'com.jtattoo.plaf.noire.NoireLookAndFeel'
  2020-03-12 01:04:03 INFO  ResourceManager:121 - Establishing connection...
  2020-03-12 01:04:03 DEBUG ResourceManager:36 - Getting connection data...
  2020-03-12 01:04:03 DEBUG ResourceManager:49 - Connection data loaded
  2020-03-12 01:04:03 DEBUG ResourceManager:152 - Initializing Driver...
  2020-03-12 01:04:03 DEBUG ResourceManager:157 - Driver loaded = com.mysql.cj.jdbc.Driver
  2020-03-12 01:04:11 FATAL ResourceManager:136 - Connection failed = com.mysql.cj.jdbc.exceptions.CommunicationsException: Communications link failure

The last packet sent successfully to the server was 0 milliseconds ago. The driver has not received any packets from the server.
  2020-03-12 01:07:48 INFO  HulkStoreIni:35 - Initializing HulkStore...
  2020-03-12 01:07:49 INFO  HulkStoreIni:38 - LookAndFeel loaded = 'com.jtattoo.plaf.noire.NoireLookAndFeel'
  2020-03-12 01:07:49 INFO  ResourceManager:121 - Establishing connection...
  2020-03-12 01:07:49 DEBUG ResourceManager:36 - Getting connection data...
  2020-03-12 01:07:49 DEBUG ResourceManager:49 - Connection data loaded
  2020-03-12 01:07:49 DEBUG ResourceManager:152 - Initializing Driver...
  2020-03-12 01:07:49 DEBUG ResourceManager:157 - Driver loaded = com.mysql.cj.jdbc.Driver
  2020-03-12 01:07:57 FATAL ResourceManager:136 - Connection failed = com.mysql.cj.jdbc.exceptions.CommunicationsException: Communications link failure

The last packet sent successfully to the server was 0 milliseconds ago. The driver has not received any packets from the server.
  2020-03-12 01:10:55 INFO  HulkStoreIni:35 - Initializing HulkStore...
  2020-03-12 01:10:56 INFO  HulkStoreIni:38 - LookAndFeel loaded = 'com.jtattoo.plaf.noire.NoireLookAndFeel'
  2020-03-12 01:10:56 INFO  ResourceManager:121 - Establishing connection...
  2020-03-12 01:10:56 DEBUG ResourceManager:36 - Getting connection data...
  2020-03-12 01:10:56 DEBUG ResourceManager:49 - Connection data loaded
  2020-03-12 01:10:56 DEBUG ResourceManager:152 - Initializing Driver...
  2020-03-12 01:10:56 DEBUG ResourceManager:157 - Driver loaded = com.mysql.cj.jdbc.Driver
  2020-03-12 01:11:04 FATAL ResourceManager:136 - Connection failed = com.mysql.cj.jdbc.exceptions.CommunicationsException: Communications link failure

The last packet sent successfully to the server was 0 milliseconds ago. The driver has not received any packets from the server.
  